<?xml version="1.0" encoding="UTF-8"?>
<!-- Generated by org.testng.reporters.JUnitXMLReporter -->
<testsuite ignored="0" hostname="DESKTOP-JG074OP" failures="0" tests="4" name="Default test" time="68.691" errors="0" timestamp="2021-07-13T13:53:45 EET">
  <testcase classname="tests.ProductTest" name="testLogine" time="12.471"/>
  <testcase classname="tests.ProductTest" name="dressesPageTest" time="11.008"/>
  <testcase classname="tests.ProductTest" name="productDetails" time="14.335"/>
  <testcase classname="tests.ProductTest" name="verificationlinktext" time="0.28"/>
</testsuite> <!-- Default test -->
