<?xml version="1.0" encoding="UTF-8"?>
<testng-results ignored="0" total="4" passed="4" failed="0" skipped="0">
  <reporter-output>
  </reporter-output>
  <suite started-at="2021-07-13T13:52:37 EET" name="Default suite" finished-at="2021-07-13T13:53:45 EET" duration-ms="68691">
    <groups>
    </groups>
    <test started-at="2021-07-13T13:52:37 EET" name="Default test" finished-at="2021-07-13T13:53:45 EET" duration-ms="68691">
      <class name="tests.ProductTest">
        <test-method is-config="true" signature="openUrl()[pri:0, instance:tests.ProductTest@46cdf8bd]" started-at="2021-07-13T13:52:37 EET" name="openUrl" finished-at="2021-07-13T13:53:04 EET" duration-ms="26725" status="PASS">
          <reporter-output>
          </reporter-output>
        </test-method> <!-- openUrl -->
        <test-method signature="testLogine()[pri:0, instance:tests.ProductTest@46cdf8bd]" started-at="2021-07-13T13:53:04 EET" name="testLogine" finished-at="2021-07-13T13:53:16 EET" duration-ms="12471" status="PASS">
          <reporter-output>
          </reporter-output>
        </test-method> <!-- testLogine -->
        <test-method signature="dressesPageTest()[pri:0, instance:tests.ProductTest@46cdf8bd]" started-at="2021-07-13T13:53:18 EET" name="dressesPageTest" finished-at="2021-07-13T13:53:29 EET" depends-on-methods="tests.ProductTest.testLogine" duration-ms="11008" status="PASS">
          <reporter-output>
          </reporter-output>
        </test-method> <!-- dressesPageTest -->
        <test-method signature="productDetails()[pri:0, instance:tests.ProductTest@46cdf8bd]" started-at="2021-07-13T13:53:29 EET" name="productDetails" finished-at="2021-07-13T13:53:43 EET" depends-on-methods="tests.ProductTest.dressesPageTest" duration-ms="14335" status="PASS">
          <reporter-output>
          </reporter-output>
        </test-method> <!-- productDetails -->
        <test-method signature="verificationlinktext()[pri:0, instance:tests.ProductTest@46cdf8bd]" started-at="2021-07-13T13:53:43 EET" name="verificationlinktext" finished-at="2021-07-13T13:53:43 EET" depends-on-methods="tests.ProductTest.productDetails" duration-ms="280" status="PASS">
          <reporter-output>
          </reporter-output>
        </test-method> <!-- verificationlinktext -->
        <test-method is-config="true" signature="closeUrl()[pri:0, instance:tests.ProductTest@46cdf8bd]" started-at="2021-07-13T13:53:43 EET" name="closeUrl" finished-at="2021-07-13T13:53:45 EET" duration-ms="2025" status="PASS">
          <reporter-output>
          </reporter-output>
        </test-method> <!-- closeUrl -->
      </class> <!-- tests.ProductTest -->
    </test> <!-- Default test -->
  </suite> <!-- Default suite -->
</testng-results>
